<?xml version="1.0" encoding="UTF-8"?>
<!-- Generated by org.testng.reporters.JUnitReportReporter -->
<testsuite hostname="DESKTOP-13DQM84" failures="0" tests="1" name="Flipkart.firstPage" time="29.698" errors="0" timestamp="2021-04-28T15:29:57 IST" skipped="0">
  <testcase classname="Flipkart.firstPage" name="getDetailsOfIphone" time="29.698"/>
  <system-out/>
</testsuite> <!-- Flipkart.firstPage -->
